RCS file: /var/lib/gforge/chroot/cvsroot/libpqtypes/libpqtypes/AUTHORS,v
Working file: AUTHORS
head: 1.4
branch:
locks: strict
access list:
symbolic names:
keyword substitution: kv
total revisions: 4;	selected revisions: 0
description:
=============================================================================

RCS file: /var/lib/gforge/chroot/cvsroot/libpqtypes/libpqtypes/ChangeLog,v
Working file: ChangeLog
head: 1.67
branch:
locks: strict
access list:
symbolic names:
keyword substitution: kv
total revisions: 67;	selected revisions: 3
description:
----------------------------
revision 1.67
date: 2015/01/27 16:27:36;  author: achernow;  state: Exp;  lines: +9 -2
update pqt-specs.3, PQputf.3 and copyright notices in all source and man3 files
----------------------------
revision 1.66
date: 2015/01/27 12:25:53;  author: achernow;  state: Exp;  lines: +7 -4
updated changelog and bug fix comment to give credit to those that reported the issues
----------------------------
revision 1.65
date: 2015/01/26 17:23:04;  author: achernow;  state: Exp;  lines: +17 -1
fixed empty string bug and putting NULLs for numberics, bools, etc..
=============================================================================

RCS file: /var/lib/gforge/chroot/cvsroot/libpqtypes/libpqtypes/INSTALL,v
Working file: INSTALL
head: 1.6
branch:
locks: strict
access list:
symbolic names:
keyword substitution: kv
total revisions: 6;	selected revisions: 0
description:
=============================================================================

RCS file: /var/lib/gforge/chroot/cvsroot/libpqtypes/libpqtypes/LICENSE,v
Working file: LICENSE
head: 1.4
branch:
locks: strict
access list:
symbolic names:
keyword substitution: kv
total revisions: 4;	selected revisions: 1
description:
----------------------------
revision 1.4
date: 2015/01/27 16:34:49;  author: achernow;  state: Exp;  lines: +2 -2
updated copyright date within LICENSE file, which was missed by previous refactor since it had a different date.
=============================================================================

RCS file: /var/lib/gforge/chroot/cvsroot/libpqtypes/libpqtypes/Makefile.am,v
Working file: Makefile.am
head: 1.24
branch:
locks: strict
access list:
symbolic names:
keyword substitution: kv
total revisions: 24;	selected revisions: 0
description:
=============================================================================

RCS file: /var/lib/gforge/chroot/cvsroot/libpqtypes/libpqtypes/Makefile.win32,v
Working file: Makefile.win32
head: 1.7
branch:
locks: strict
access list:
symbolic names:
keyword substitution: kv
total revisions: 7;	selected revisions: 0
description:
=============================================================================

RCS file: /var/lib/gforge/chroot/cvsroot/libpqtypes/libpqtypes/README,v
Working file: README
head: 1.6
branch:
locks: strict
access list:
symbolic names:
keyword substitution: kv
total revisions: 6;	selected revisions: 0
description:
=============================================================================

RCS file: /var/lib/gforge/chroot/cvsroot/libpqtypes/libpqtypes/acinclude.m4,v
Working file: acinclude.m4
head: 1.2
branch:
locks: strict
access list:
symbolic names:
keyword substitution: kv
total revisions: 2;	selected revisions: 0
description:
=============================================================================

RCS file: /var/lib/gforge/chroot/cvsroot/libpqtypes/libpqtypes/configure.ac,v
Working file: configure.ac
head: 1.29
branch:
locks: strict
access list:
symbolic names:
keyword substitution: kv
total revisions: 29;	selected revisions: 0
description:
=============================================================================

RCS file: /var/lib/gforge/chroot/cvsroot/libpqtypes/libpqtypes/groff2html,v
Working file: groff2html
head: 1.12
branch:
locks: strict
access list:
symbolic names:
keyword substitution: kv
total revisions: 12;	selected revisions: 0
description:
=============================================================================

RCS file: /var/lib/gforge/chroot/cvsroot/libpqtypes/libpqtypes/reconf,v
Working file: reconf
head: 1.3
branch:
locks: strict
access list:
symbolic names:
keyword substitution: kv
total revisions: 3;	selected revisions: 0
description:
=============================================================================

RCS file: /var/lib/gforge/chroot/cvsroot/libpqtypes/libpqtypes/win32.mak,v
Working file: win32.mak
head: 1.5
branch:
locks: strict
access list:
symbolic names:
keyword substitution: kv
total revisions: 5;	selected revisions: 0
description:
=============================================================================

RCS file: /var/lib/gforge/chroot/cvsroot/libpqtypes/libpqtypes/docs/man3/PQclearSpecs.3,v
Working file: docs/man3/PQclearSpecs.3
head: 1.1
branch:
locks: strict
access list:
symbolic names:
keyword substitution: kv
total revisions: 1;	selected revisions: 0
description:
=============================================================================

RCS file: /var/lib/gforge/chroot/cvsroot/libpqtypes/libpqtypes/docs/man3/PQclearTypes.3,v
Working file: docs/man3/PQclearTypes.3
head: 1.2
branch:
locks: strict
access list:
symbolic names:
keyword substitution: kv
total revisions: 2;	selected revisions: 0
description:
=============================================================================

RCS file: /var/lib/gforge/chroot/cvsroot/libpqtypes/libpqtypes/docs/man3/PQexecf.3,v
Working file: docs/man3/PQexecf.3
head: 1.8
branch:
locks: strict
access list:
symbolic names:
keyword substitution: kv
total revisions: 8;	selected revisions: 2
description:
----------------------------
revision 1.8
date: 2015/01/27 16:32:21;  author: achernow;  state: Exp;  lines: +1 -1
mis-tyyped copyright date change (extra spaces), had to refactor affecting all source and man3 files
----------------------------
revision 1.7
date: 2015/01/27 16:27:36;  author: achernow;  state: Exp;  lines: +2 -2
update pqt-specs.3, PQputf.3 and copyright notices in all source and man3 files
=============================================================================

RCS file: /var/lib/gforge/chroot/cvsroot/libpqtypes/libpqtypes/docs/man3/PQexecvf.3,v
Working file: docs/man3/PQexecvf.3
head: 1.1
branch:
locks: strict
access list:
symbolic names:
keyword substitution: kv
total revisions: 1;	selected revisions: 0
description:
=============================================================================

RCS file: /var/lib/gforge/chroot/cvsroot/libpqtypes/libpqtypes/docs/man3/PQgetErrorField.3,v
Working file: docs/man3/PQgetErrorField.3
head: 1.1
branch:
locks: strict
access list:
symbolic names:
keyword substitution: kv
total revisions: 1;	selected revisions: 0
description:
=============================================================================

RCS file: /var/lib/gforge/chroot/cvsroot/libpqtypes/libpqtypes/docs/man3/PQgeterror.3,v
Working file: docs/man3/PQgeterror.3
head: 1.10
branch:
locks: strict
access list:
symbolic names:
keyword substitution: kv
total revisions: 10;	selected revisions: 2
description:
----------------------------
revision 1.10
date: 2015/01/27 16:32:21;  author: achernow;  state: Exp;  lines: +1 -1
mis-tyyped copyright date change (extra spaces), had to refactor affecting all source and man3 files
----------------------------
revision 1.9
date: 2015/01/27 16:27:36;  author: achernow;  state: Exp;  lines: +2 -2
update pqt-specs.3, PQputf.3 and copyright notices in all source and man3 files
=============================================================================

RCS file: /var/lib/gforge/chroot/cvsroot/libpqtypes/libpqtypes/docs/man3/PQgetf.3,v
Working file: docs/man3/PQgetf.3
head: 1.11
branch:
locks: strict
access list:
symbolic names:
keyword substitution: kv
total revisions: 11;	selected revisions: 2
description:
----------------------------
revision 1.11
date: 2015/01/27 16:32:21;  author: achernow;  state: Exp;  lines: +1 -1
mis-tyyped copyright date change (extra spaces), had to refactor affecting all source and man3 files
----------------------------
revision 1.10
date: 2015/01/27 16:27:36;  author: achernow;  state: Exp;  lines: +2 -2
update pqt-specs.3, PQputf.3 and copyright notices in all source and man3 files
=============================================================================

RCS file: /var/lib/gforge/chroot/cvsroot/libpqtypes/libpqtypes/docs/man3/PQgetvf.3,v
Working file: docs/man3/PQgetvf.3
head: 1.1
branch:
locks: strict
access list:
symbolic names:
keyword substitution: kv
total revisions: 1;	selected revisions: 0
description:
=============================================================================

RCS file: /var/lib/gforge/chroot/cvsroot/libpqtypes/libpqtypes/docs/man3/PQinitTypes.3,v
Working file: docs/man3/PQinitTypes.3
head: 1.3
branch:
locks: strict
access list:
symbolic names:
keyword substitution: kv
total revisions: 3;	selected revisions: 2
description:
----------------------------
revision 1.3
date: 2015/01/27 16:32:21;  author: achernow;  state: Exp;  lines: +1 -1
mis-tyyped copyright date change (extra spaces), had to refactor affecting all source and man3 files
----------------------------
revision 1.2
date: 2015/01/27 16:27:36;  author: achernow;  state: Exp;  lines: +2 -2
update pqt-specs.3, PQputf.3 and copyright notices in all source and man3 files
=============================================================================

RCS file: /var/lib/gforge/chroot/cvsroot/libpqtypes/libpqtypes/docs/man3/PQlocalTZInfo.3,v
Working file: docs/man3/PQlocalTZInfo.3
head: 1.7
branch:
locks: strict
access list:
symbolic names:
keyword substitution: kv
total revisions: 7;	selected revisions: 2
description:
----------------------------
revision 1.7
date: 2015/01/27 16:32:21;  author: achernow;  state: Exp;  lines: +1 -1
mis-tyyped copyright date change (extra spaces), had to refactor affecting all source and man3 files
----------------------------
revision 1.6
date: 2015/01/27 16:27:36;  author: achernow;  state: Exp;  lines: +2 -2
update pqt-specs.3, PQputf.3 and copyright notices in all source and man3 files
=============================================================================

RCS file: /var/lib/gforge/chroot/cvsroot/libpqtypes/libpqtypes/docs/man3/PQparamClear.3,v
Working file: docs/man3/PQparamClear.3
head: 1.1
branch:
locks: strict
access list:
symbolic names:
keyword substitution: kv
total revisions: 1;	selected revisions: 0
description:
=============================================================================

RCS file: /var/lib/gforge/chroot/cvsroot/libpqtypes/libpqtypes/docs/man3/PQparamCount.3,v
Working file: docs/man3/PQparamCount.3
head: 1.1
branch:
locks: strict
access list:
symbolic names:
keyword substitution: kv
total revisions: 1;	selected revisions: 0
description:
=============================================================================

RCS file: /var/lib/gforge/chroot/cvsroot/libpqtypes/libpqtypes/docs/man3/PQparamCreate.3,v
Working file: docs/man3/PQparamCreate.3
head: 1.11
branch:
locks: strict
access list:
symbolic names:
keyword substitution: kv
total revisions: 11;	selected revisions: 2
description:
----------------------------
revision 1.11
date: 2015/01/27 16:32:21;  author: achernow;  state: Exp;  lines: +1 -1
mis-tyyped copyright date change (extra spaces), had to refactor affecting all source and man3 files
----------------------------
revision 1.10
date: 2015/01/27 16:27:36;  author: achernow;  state: Exp;  lines: +2 -2
update pqt-specs.3, PQputf.3 and copyright notices in all source and man3 files
=============================================================================

RCS file: /var/lib/gforge/chroot/cvsroot/libpqtypes/libpqtypes/docs/man3/PQparamDup.3,v
Working file: docs/man3/PQparamDup.3
head: 1.1
branch:
locks: strict
access list:
symbolic names:
keyword substitution: kv
total revisions: 1;	selected revisions: 0
description:
=============================================================================

RCS file: /var/lib/gforge/chroot/cvsroot/libpqtypes/libpqtypes/docs/man3/PQparamExec.3,v
Working file: docs/man3/PQparamExec.3
head: 1.8
branch:
locks: strict
access list:
symbolic names:
keyword substitution: kv
total revisions: 8;	selected revisions: 2
description:
----------------------------
revision 1.8
date: 2015/01/27 16:32:21;  author: achernow;  state: Exp;  lines: +1 -1
mis-tyyped copyright date change (extra spaces), had to refactor affecting all source and man3 files
----------------------------
revision 1.7
date: 2015/01/27 16:27:36;  author: achernow;  state: Exp;  lines: +2 -2
update pqt-specs.3, PQputf.3 and copyright notices in all source and man3 files
=============================================================================

RCS file: /var/lib/gforge/chroot/cvsroot/libpqtypes/libpqtypes/docs/man3/PQparamExecPrepared.3,v
Working file: docs/man3/PQparamExecPrepared.3
head: 1.1
branch:
locks: strict
access list:
symbolic names:
keyword substitution: kv
total revisions: 1;	selected revisions: 0
description:
=============================================================================

RCS file: /var/lib/gforge/chroot/cvsroot/libpqtypes/libpqtypes/docs/man3/PQparamReset.3,v
Working file: docs/man3/PQparamReset.3
head: 1.1
branch:
locks: strict
access list:
symbolic names:
keyword substitution: kv
total revisions: 1;	selected revisions: 0
description:
=============================================================================

RCS file: /var/lib/gforge/chroot/cvsroot/libpqtypes/libpqtypes/docs/man3/PQparamSendQuery.3,v
Working file: docs/man3/PQparamSendQuery.3
head: 1.6
branch:
locks: strict
access list:
symbolic names:
keyword substitution: kv
total revisions: 6;	selected revisions: 2
description:
----------------------------
revision 1.6
date: 2015/01/27 16:32:21;  author: achernow;  state: Exp;  lines: +1 -1
mis-tyyped copyright date change (extra spaces), had to refactor affecting all source and man3 files
----------------------------
revision 1.5
date: 2015/01/27 16:27:36;  author: achernow;  state: Exp;  lines: +2 -2
update pqt-specs.3, PQputf.3 and copyright notices in all source and man3 files
=============================================================================

RCS file: /var/lib/gforge/chroot/cvsroot/libpqtypes/libpqtypes/docs/man3/PQparamSendQueryPrepared.3,v
Working file: docs/man3/PQparamSendQueryPrepared.3
head: 1.1
branch:
locks: strict
access list:
symbolic names:
keyword substitution: kv
total revisions: 1;	selected revisions: 0
description:
=============================================================================

RCS file: /var/lib/gforge/chroot/cvsroot/libpqtypes/libpqtypes/docs/man3/PQputf.3,v
Working file: docs/man3/PQputf.3
head: 1.11
branch:
locks: strict
access list:
symbolic names:
keyword substitution: kv
total revisions: 11;	selected revisions: 2
description:
----------------------------
revision 1.11
date: 2015/01/27 16:32:21;  author: achernow;  state: Exp;  lines: +1 -1
mis-tyyped copyright date change (extra spaces), had to refactor affecting all source and man3 files
----------------------------
revision 1.10
date: 2015/01/27 16:27:36;  author: achernow;  state: Exp;  lines: +7 -4
update pqt-specs.3, PQputf.3 and copyright notices in all source and man3 files
=============================================================================

RCS file: /var/lib/gforge/chroot/cvsroot/libpqtypes/libpqtypes/docs/man3/PQputvf.3,v
Working file: docs/man3/PQputvf.3
head: 1.1
branch:
locks: strict
access list:
symbolic names:
keyword substitution: kv
total revisions: 1;	selected revisions: 0
description:
=============================================================================

RCS file: /var/lib/gforge/chroot/cvsroot/libpqtypes/libpqtypes/docs/man3/PQregisterComposites.3,v
Working file: docs/man3/PQregisterComposites.3
head: 1.5
branch:
locks: strict
access list:
symbolic names:
keyword substitution: kv
total revisions: 5;	selected revisions: 2
description:
----------------------------
revision 1.5
date: 2015/01/27 16:32:21;  author: achernow;  state: Exp;  lines: +1 -1
mis-tyyped copyright date change (extra spaces), had to refactor affecting all source and man3 files
----------------------------
revision 1.4
date: 2015/01/27 16:27:36;  author: achernow;  state: Exp;  lines: +2 -2
update pqt-specs.3, PQputf.3 and copyright notices in all source and man3 files
=============================================================================

RCS file: /var/lib/gforge/chroot/cvsroot/libpqtypes/libpqtypes/docs/man3/PQregisterResult.3,v
Working file: docs/man3/PQregisterResult.3
head: 1.3
branch:
locks: strict
access list:
symbolic names:
keyword substitution: kv
total revisions: 3;	selected revisions: 2
description:
----------------------------
revision 1.3
date: 2015/01/27 16:32:21;  author: achernow;  state: Exp;  lines: +1 -1
mis-tyyped copyright date change (extra spaces), had to refactor affecting all source and man3 files
----------------------------
revision 1.2
date: 2015/01/27 16:27:36;  author: achernow;  state: Exp;  lines: +2 -2
update pqt-specs.3, PQputf.3 and copyright notices in all source and man3 files
=============================================================================

RCS file: /var/lib/gforge/chroot/cvsroot/libpqtypes/libpqtypes/docs/man3/Attic/PQregisterSubClass.3,v
Working file: docs/man3/PQregisterSubClass.3
head: 1.3
branch:
locks: strict
access list:
symbolic names:
keyword substitution: kv
total revisions: 3;	selected revisions: 0
description:
=============================================================================

RCS file: /var/lib/gforge/chroot/cvsroot/libpqtypes/libpqtypes/docs/man3/PQregisterSubClasses.3,v
Working file: docs/man3/PQregisterSubClasses.3
head: 1.4
branch:
locks: strict
access list:
symbolic names:
keyword substitution: kv
total revisions: 4;	selected revisions: 2
description:
----------------------------
revision 1.4
date: 2015/01/27 16:32:21;  author: achernow;  state: Exp;  lines: +1 -1
mis-tyyped copyright date change (extra spaces), had to refactor affecting all source and man3 files
----------------------------
revision 1.3
date: 2015/01/27 16:27:36;  author: achernow;  state: Exp;  lines: +2 -2
update pqt-specs.3, PQputf.3 and copyright notices in all source and man3 files
=============================================================================

RCS file: /var/lib/gforge/chroot/cvsroot/libpqtypes/libpqtypes/docs/man3/Attic/PQregisterTypeHandler.3,v
Working file: docs/man3/PQregisterTypeHandler.3
head: 1.9
branch:
locks: strict
access list:
symbolic names:
keyword substitution: kv
total revisions: 9;	selected revisions: 0
description:
=============================================================================

RCS file: /var/lib/gforge/chroot/cvsroot/libpqtypes/libpqtypes/docs/man3/PQregisterTypes.3,v
Working file: docs/man3/PQregisterTypes.3
head: 1.4
branch:
locks: strict
access list:
symbolic names:
keyword substitution: kv
total revisions: 4;	selected revisions: 2
description:
----------------------------
revision 1.4
date: 2015/01/27 16:32:21;  author: achernow;  state: Exp;  lines: +1 -1
mis-tyyped copyright date change (extra spaces), had to refactor affecting all source and man3 files
----------------------------
revision 1.3
date: 2015/01/27 16:27:36;  author: achernow;  state: Exp;  lines: +2 -2
update pqt-specs.3, PQputf.3 and copyright notices in all source and man3 files
=============================================================================

RCS file: /var/lib/gforge/chroot/cvsroot/libpqtypes/libpqtypes/docs/man3/PQregisterUserDefinedTypes.3,v
Working file: docs/man3/PQregisterUserDefinedTypes.3
head: 1.5
branch:
locks: strict
access list:
symbolic names:
keyword substitution: kv
total revisions: 5;	selected revisions: 2
description:
----------------------------
revision 1.5
date: 2015/01/27 16:32:21;  author: achernow;  state: Exp;  lines: +1 -1
mis-tyyped copyright date change (extra spaces), had to refactor affecting all source and man3 files
----------------------------
revision 1.4
date: 2015/01/27 16:27:36;  author: achernow;  state: Exp;  lines: +2 -2
update pqt-specs.3, PQputf.3 and copyright notices in all source and man3 files
=============================================================================

RCS file: /var/lib/gforge/chroot/cvsroot/libpqtypes/libpqtypes/docs/man3/PQsendf.3,v
Working file: docs/man3/PQsendf.3
head: 1.1
branch:
locks: strict
access list:
symbolic names:
keyword substitution: kv
total revisions: 1;	selected revisions: 0
description:
=============================================================================

RCS file: /var/lib/gforge/chroot/cvsroot/libpqtypes/libpqtypes/docs/man3/PQsendvf.3,v
Working file: docs/man3/PQsendvf.3
head: 1.1
branch:
locks: strict
access list:
symbolic names:
keyword substitution: kv
total revisions: 1;	selected revisions: 0
description:
=============================================================================

RCS file: /var/lib/gforge/chroot/cvsroot/libpqtypes/libpqtypes/docs/man3/PQseterror.3,v
Working file: docs/man3/PQseterror.3
head: 1.1
branch:
locks: strict
access list:
symbolic names:
keyword substitution: kv
total revisions: 1;	selected revisions: 0
description:
=============================================================================

RCS file: /var/lib/gforge/chroot/cvsroot/libpqtypes/libpqtypes/docs/man3/PQspecPrepare.3,v
Working file: docs/man3/PQspecPrepare.3
head: 1.15
branch:
locks: strict
access list:
symbolic names:
keyword substitution: kv
total revisions: 15;	selected revisions: 2
description:
----------------------------
revision 1.15
date: 2015/01/27 16:32:21;  author: achernow;  state: Exp;  lines: +1 -1
mis-tyyped copyright date change (extra spaces), had to refactor affecting all source and man3 files
----------------------------
revision 1.14
date: 2015/01/27 16:27:36;  author: achernow;  state: Exp;  lines: +2 -2
update pqt-specs.3, PQputf.3 and copyright notices in all source and man3 files
=============================================================================

RCS file: /var/lib/gforge/chroot/cvsroot/libpqtypes/libpqtypes/docs/man3/Attic/PQtypesObjectHooks.3,v
Working file: docs/man3/PQtypesObjectHooks.3
head: 1.5
branch:
locks: strict
access list:
symbolic names:
keyword substitution: kv
total revisions: 5;	selected revisions: 0
description:
=============================================================================

RCS file: /var/lib/gforge/chroot/cvsroot/libpqtypes/libpqtypes/docs/man3/PQtypesRegister.3,v
Working file: docs/man3/PQtypesRegister.3
head: 1.7
branch:
locks: strict
access list:
symbolic names:
keyword substitution: kv
total revisions: 7;	selected revisions: 2
description:
----------------------------
revision 1.7
date: 2015/01/27 16:32:21;  author: achernow;  state: Exp;  lines: +1 -1
mis-tyyped copyright date change (extra spaces), had to refactor affecting all source and man3 files
----------------------------
revision 1.6
date: 2015/01/27 16:27:36;  author: achernow;  state: Exp;  lines: +2 -2
update pqt-specs.3, PQputf.3 and copyright notices in all source and man3 files
=============================================================================

RCS file: /var/lib/gforge/chroot/cvsroot/libpqtypes/libpqtypes/docs/man3/pqt-composites.3,v
Working file: docs/man3/pqt-composites.3
head: 1.10
branch:
locks: strict
access list:
symbolic names:
keyword substitution: kv
total revisions: 10;	selected revisions: 2
description:
----------------------------
revision 1.10
date: 2015/01/27 16:32:21;  author: achernow;  state: Exp;  lines: +1 -1
mis-tyyped copyright date change (extra spaces), had to refactor affecting all source and man3 files
----------------------------
revision 1.9
date: 2015/01/27 16:27:36;  author: achernow;  state: Exp;  lines: +2 -2
update pqt-specs.3, PQputf.3 and copyright notices in all source and man3 files
=============================================================================

RCS file: /var/lib/gforge/chroot/cvsroot/libpqtypes/libpqtypes/docs/man3/pqt-handlers.3,v
Working file: docs/man3/pqt-handlers.3
head: 1.14
branch:
locks: strict
access list:
symbolic names:
keyword substitution: kv
total revisions: 14;	selected revisions: 2
description:
----------------------------
revision 1.14
date: 2015/01/27 16:32:21;  author: achernow;  state: Exp;  lines: +1 -1
mis-tyyped copyright date change (extra spaces), had to refactor affecting all source and man3 files
----------------------------
revision 1.13
date: 2015/01/27 16:27:37;  author: achernow;  state: Exp;  lines: +3 -3
update pqt-specs.3, PQputf.3 and copyright notices in all source and man3 files
=============================================================================

RCS file: /var/lib/gforge/chroot/cvsroot/libpqtypes/libpqtypes/docs/man3/pqt-specs.3,v
Working file: docs/man3/pqt-specs.3
head: 1.16
branch:
locks: strict
access list:
symbolic names:
keyword substitution: kv
total revisions: 16;	selected revisions: 2
description:
----------------------------
revision 1.16
date: 2015/01/27 16:32:22;  author: achernow;  state: Exp;  lines: +1 -1
mis-tyyped copyright date change (extra spaces), had to refactor affecting all source and man3 files
----------------------------
revision 1.15
date: 2015/01/27 16:27:37;  author: achernow;  state: Exp;  lines: +23 -15
update pqt-specs.3, PQputf.3 and copyright notices in all source and man3 files
=============================================================================

RCS file: /var/lib/gforge/chroot/cvsroot/libpqtypes/libpqtypes/src/array.c,v
Working file: src/array.c
head: 1.13
branch:
locks: strict
access list:
symbolic names:
keyword substitution: kv
total revisions: 13;	selected revisions: 2
description:
----------------------------
revision 1.13
date: 2015/01/27 16:32:22;  author: achernow;  state: Exp;  lines: +1 -1
mis-tyyped copyright date change (extra spaces), had to refactor affecting all source and man3 files
----------------------------
revision 1.12
date: 2015/01/27 16:27:37;  author: achernow;  state: Exp;  lines: +1 -1
update pqt-specs.3, PQputf.3 and copyright notices in all source and man3 files
=============================================================================

RCS file: /var/lib/gforge/chroot/cvsroot/libpqtypes/libpqtypes/src/datetime.c,v
Working file: src/datetime.c
head: 1.14
branch:
locks: strict
access list:
symbolic names:
keyword substitution: kv
total revisions: 14;	selected revisions: 2
description:
----------------------------
revision 1.14
date: 2015/01/27 16:32:22;  author: achernow;  state: Exp;  lines: +1 -1
mis-tyyped copyright date change (extra spaces), had to refactor affecting all source and man3 files
----------------------------
revision 1.13
date: 2015/01/27 16:27:37;  author: achernow;  state: Exp;  lines: +1 -1
update pqt-specs.3, PQputf.3 and copyright notices in all source and man3 files
=============================================================================

RCS file: /var/lib/gforge/chroot/cvsroot/libpqtypes/libpqtypes/src/error.c,v
Working file: src/error.c
head: 1.26
branch:
locks: strict
access list:
symbolic names:
keyword substitution: kv
total revisions: 26;	selected revisions: 2
description:
----------------------------
revision 1.26
date: 2015/01/27 16:32:22;  author: achernow;  state: Exp;  lines: +1 -1
mis-tyyped copyright date change (extra spaces), had to refactor affecting all source and man3 files
----------------------------
revision 1.25
date: 2015/01/27 16:27:37;  author: achernow;  state: Exp;  lines: +1 -1
update pqt-specs.3, PQputf.3 and copyright notices in all source and man3 files
=============================================================================

RCS file: /var/lib/gforge/chroot/cvsroot/libpqtypes/libpqtypes/src/events.c,v
Working file: src/events.c
head: 1.18
branch:
locks: strict
access list:
symbolic names:
keyword substitution: kv
total revisions: 18;	selected revisions: 2
description:
----------------------------
revision 1.18
date: 2015/01/27 16:32:22;  author: achernow;  state: Exp;  lines: +1 -1
mis-tyyped copyright date change (extra spaces), had to refactor affecting all source and man3 files
----------------------------
revision 1.17
date: 2015/01/27 16:27:37;  author: achernow;  state: Exp;  lines: +1 -1
update pqt-specs.3, PQputf.3 and copyright notices in all source and man3 files
=============================================================================

RCS file: /var/lib/gforge/chroot/cvsroot/libpqtypes/libpqtypes/src/exec.c,v
Working file: src/exec.c
head: 1.27
branch:
locks: strict
access list:
symbolic names:
keyword substitution: kv
total revisions: 27;	selected revisions: 2
description:
----------------------------
revision 1.27
date: 2015/01/27 16:32:22;  author: achernow;  state: Exp;  lines: +1 -1
mis-tyyped copyright date change (extra spaces), had to refactor affecting all source and man3 files
----------------------------
revision 1.26
date: 2015/01/27 16:27:37;  author: achernow;  state: Exp;  lines: +1 -1
update pqt-specs.3, PQputf.3 and copyright notices in all source and man3 files
=============================================================================

RCS file: /var/lib/gforge/chroot/cvsroot/libpqtypes/libpqtypes/src/geo.c,v
Working file: src/geo.c
head: 1.13
branch:
locks: strict
access list:
symbolic names:
keyword substitution: kv
total revisions: 13;	selected revisions: 2
description:
----------------------------
revision 1.13
date: 2015/01/27 16:32:22;  author: achernow;  state: Exp;  lines: +1 -1
mis-tyyped copyright date change (extra spaces), had to refactor affecting all source and man3 files
----------------------------
revision 1.12
date: 2015/01/27 16:27:37;  author: achernow;  state: Exp;  lines: +1 -1
update pqt-specs.3, PQputf.3 and copyright notices in all source and man3 files
=============================================================================

RCS file: /var/lib/gforge/chroot/cvsroot/libpqtypes/libpqtypes/src/getaddrinfo.h,v
Working file: src/getaddrinfo.h
head: 1.4
branch:
locks: strict
access list:
symbolic names:
keyword substitution: kv
total revisions: 4;	selected revisions: 0
description:
=============================================================================

RCS file: /var/lib/gforge/chroot/cvsroot/libpqtypes/libpqtypes/src/handler.c,v
Working file: src/handler.c
head: 1.31
branch:
locks: strict
access list:
symbolic names:
keyword substitution: kv
total revisions: 31;	selected revisions: 2
description:
----------------------------
revision 1.31
date: 2015/01/27 16:32:22;  author: achernow;  state: Exp;  lines: +1 -1
mis-tyyped copyright date change (extra spaces), had to refactor affecting all source and man3 files
----------------------------
revision 1.30
date: 2015/01/27 16:27:37;  author: achernow;  state: Exp;  lines: +1 -1
update pqt-specs.3, PQputf.3 and copyright notices in all source and man3 files
=============================================================================

RCS file: /var/lib/gforge/chroot/cvsroot/libpqtypes/libpqtypes/src/Attic/hooks.c,v
Working file: src/hooks.c
head: 1.5
branch:
locks: strict
access list:
symbolic names:
keyword substitution: kv
total revisions: 5;	selected revisions: 0
description:
=============================================================================

RCS file: /var/lib/gforge/chroot/cvsroot/libpqtypes/libpqtypes/src/libpqtypes-int.h,v
Working file: src/libpqtypes-int.h
head: 1.25
branch:
locks: strict
access list:
symbolic names:
keyword substitution: kv
total revisions: 25;	selected revisions: 2
description:
----------------------------
revision 1.25
date: 2015/01/27 16:32:22;  author: achernow;  state: Exp;  lines: +1 -1
mis-tyyped copyright date change (extra spaces), had to refactor affecting all source and man3 files
----------------------------
revision 1.24
date: 2015/01/27 16:27:37;  author: achernow;  state: Exp;  lines: +1 -1
update pqt-specs.3, PQputf.3 and copyright notices in all source and man3 files
=============================================================================

RCS file: /var/lib/gforge/chroot/cvsroot/libpqtypes/libpqtypes/src/libpqtypes.h,v
Working file: src/libpqtypes.h
head: 1.37
branch:
locks: strict
access list:
symbolic names:
keyword substitution: kv
total revisions: 37;	selected revisions: 2
description:
----------------------------
revision 1.37
date: 2015/01/27 16:32:22;  author: achernow;  state: Exp;  lines: +1 -1
mis-tyyped copyright date change (extra spaces), had to refactor affecting all source and man3 files
----------------------------
revision 1.36
date: 2015/01/27 16:27:37;  author: achernow;  state: Exp;  lines: +1 -1
update pqt-specs.3, PQputf.3 and copyright notices in all source and man3 files
=============================================================================

RCS file: /var/lib/gforge/chroot/cvsroot/libpqtypes/libpqtypes/src/misc.c,v
Working file: src/misc.c
head: 1.13
branch:
locks: strict
access list:
symbolic names:
keyword substitution: kv
total revisions: 13;	selected revisions: 3
description:
----------------------------
revision 1.13
date: 2015/01/27 16:32:22;  author: achernow;  state: Exp;  lines: +1 -1
mis-tyyped copyright date change (extra spaces), had to refactor affecting all source and man3 files
----------------------------
revision 1.12
date: 2015/01/27 16:27:37;  author: achernow;  state: Exp;  lines: +1 -1
update pqt-specs.3, PQputf.3 and copyright notices in all source and man3 files
----------------------------
revision 1.11
date: 2015/01/26 17:23:04;  author: achernow;  state: Exp;  lines: +40 -3
fixed empty string bug and putting NULLs for numberics, bools, etc..
=============================================================================

RCS file: /var/lib/gforge/chroot/cvsroot/libpqtypes/libpqtypes/src/network.c,v
Working file: src/network.c
head: 1.12
branch:
locks: strict
access list:
symbolic names:
keyword substitution: kv
total revisions: 12;	selected revisions: 2
description:
----------------------------
revision 1.12
date: 2015/01/27 16:32:22;  author: achernow;  state: Exp;  lines: +1 -1
mis-tyyped copyright date change (extra spaces), had to refactor affecting all source and man3 files
----------------------------
revision 1.11
date: 2015/01/27 16:27:37;  author: achernow;  state: Exp;  lines: +1 -1
update pqt-specs.3, PQputf.3 and copyright notices in all source and man3 files
=============================================================================

RCS file: /var/lib/gforge/chroot/cvsroot/libpqtypes/libpqtypes/src/numerics.c,v
Working file: src/numerics.c
head: 1.14
branch:
locks: strict
access list:
symbolic names:
keyword substitution: kv
total revisions: 14;	selected revisions: 3
description:
----------------------------
revision 1.14
date: 2015/01/27 16:32:22;  author: achernow;  state: Exp;  lines: +1 -1
mis-tyyped copyright date change (extra spaces), had to refactor affecting all source and man3 files
----------------------------
revision 1.13
date: 2015/01/27 16:27:37;  author: achernow;  state: Exp;  lines: +2 -2
update pqt-specs.3, PQputf.3 and copyright notices in all source and man3 files
----------------------------
revision 1.12
date: 2015/01/26 17:23:04;  author: achernow;  state: Exp;  lines: +67 -6
fixed empty string bug and putting NULLs for numberics, bools, etc..
=============================================================================

RCS file: /var/lib/gforge/chroot/cvsroot/libpqtypes/libpqtypes/src/param.c,v
Working file: src/param.c
head: 1.27
branch:
locks: strict
access list:
symbolic names:
keyword substitution: kv
total revisions: 27;	selected revisions: 4
description:
----------------------------
revision 1.27
date: 2015/01/27 16:32:22;  author: achernow;  state: Exp;  lines: +1 -1
mis-tyyped copyright date change (extra spaces), had to refactor affecting all source and man3 files
----------------------------
revision 1.26
date: 2015/01/27 16:27:37;  author: achernow;  state: Exp;  lines: +1 -1
update pqt-specs.3, PQputf.3 and copyright notices in all source and man3 files
----------------------------
revision 1.25
date: 2015/01/27 12:25:53;  author: achernow;  state: Exp;  lines: +1 -0
updated changelog and bug fix comment to give credit to those that reported the issues
----------------------------
revision 1.24
date: 2015/01/26 17:23:04;  author: achernow;  state: Exp;  lines: +8 -0
fixed empty string bug and putting NULLs for numberics, bools, etc..
=============================================================================

RCS file: /var/lib/gforge/chroot/cvsroot/libpqtypes/libpqtypes/src/port.c,v
Working file: src/port.c
head: 1.10
branch:
locks: strict
access list:
symbolic names:
keyword substitution: kv
total revisions: 10;	selected revisions: 2
description:
----------------------------
revision 1.10
date: 2015/01/27 16:32:22;  author: achernow;  state: Exp;  lines: +1 -1
mis-tyyped copyright date change (extra spaces), had to refactor affecting all source and man3 files
----------------------------
revision 1.9
date: 2015/01/27 16:27:37;  author: achernow;  state: Exp;  lines: +1 -1
update pqt-specs.3, PQputf.3 and copyright notices in all source and man3 files
=============================================================================

RCS file: /var/lib/gforge/chroot/cvsroot/libpqtypes/libpqtypes/src/record.c,v
Working file: src/record.c
head: 1.11
branch:
locks: strict
access list:
symbolic names:
keyword substitution: kv
total revisions: 11;	selected revisions: 2
description:
----------------------------
revision 1.11
date: 2015/01/27 16:32:22;  author: achernow;  state: Exp;  lines: +1 -1
mis-tyyped copyright date change (extra spaces), had to refactor affecting all source and man3 files
----------------------------
revision 1.10
date: 2015/01/27 16:27:37;  author: achernow;  state: Exp;  lines: +1 -1
update pqt-specs.3, PQputf.3 and copyright notices in all source and man3 files
=============================================================================

RCS file: /var/lib/gforge/chroot/cvsroot/libpqtypes/libpqtypes/src/regression-test.c,v
Working file: src/regression-test.c
head: 1.28
branch:
locks: strict
access list:
symbolic names:
keyword substitution: kv
total revisions: 28;	selected revisions: 0
description:
=============================================================================

RCS file: /var/lib/gforge/chroot/cvsroot/libpqtypes/libpqtypes/src/spec.c,v
Working file: src/spec.c
head: 1.12
branch:
locks: strict
access list:
symbolic names:
keyword substitution: kv
total revisions: 12;	selected revisions: 2
description:
----------------------------
revision 1.12
date: 2015/01/27 16:32:22;  author: achernow;  state: Exp;  lines: +1 -1
mis-tyyped copyright date change (extra spaces), had to refactor affecting all source and man3 files
----------------------------
revision 1.11
date: 2015/01/27 16:27:37;  author: achernow;  state: Exp;  lines: +1 -1
update pqt-specs.3, PQputf.3 and copyright notices in all source and man3 files
=============================================================================

RCS file: /var/lib/gforge/chroot/cvsroot/libpqtypes/libpqtypes/src/utils.c,v
Working file: src/utils.c
head: 1.13
branch:
locks: strict
access list:
symbolic names:
keyword substitution: kv
total revisions: 13;	selected revisions: 2
description:
----------------------------
revision 1.13
date: 2015/01/27 16:32:22;  author: achernow;  state: Exp;  lines: +1 -1
mis-tyyped copyright date change (extra spaces), had to refactor affecting all source and man3 files
----------------------------
revision 1.12
date: 2015/01/27 16:27:37;  author: achernow;  state: Exp;  lines: +1 -1
update pqt-specs.3, PQputf.3 and copyright notices in all source and man3 files
=============================================================================

RCS file: /var/lib/gforge/chroot/cvsroot/libpqtypes/libpqtypes/src/varlena.c,v
Working file: src/varlena.c
head: 1.8
branch:
locks: strict
access list:
symbolic names:
keyword substitution: kv
total revisions: 8;	selected revisions: 2
description:
----------------------------
revision 1.8
date: 2015/01/27 16:32:22;  author: achernow;  state: Exp;  lines: +1 -1
mis-tyyped copyright date change (extra spaces), had to refactor affecting all source and man3 files
----------------------------
revision 1.7
date: 2015/01/27 16:27:37;  author: achernow;  state: Exp;  lines: +1 -1
update pqt-specs.3, PQputf.3 and copyright notices in all source and man3 files
=============================================================================
